[1015/172216.583:ERROR:directory_reader_win.cc(43)] FindFirstFile: El sistema no puede encontrar la ruta especificada. (0x3)
[1016/172216.604:ERROR:directory_reader_win.cc(43)] FindFirstFile: El sistema no puede encontrar la ruta especificada. (0x3)
[1017/172216.621:ERROR:directory_reader_win.cc(43)] FindFirstFile: El sistema no puede encontrar la ruta especificada. (0x3)
[1018/172216.633:ERROR:directory_reader_win.cc(43)] FindFirstFile: El sistema no puede encontrar la ruta especificada. (0x3)
[1019/172218.000:ERROR:directory_reader_win.cc(43)] FindFirstFile: El sistema no puede encontrar la ruta especificada. (0x3)
[1020/172218.016:ERROR:directory_reader_win.cc(43)] FindFirstFile: El sistema no puede encontrar la ruta especificada. (0x3)
[1021/172218.036:ERROR:directory_reader_win.cc(43)] FindFirstFile: El sistema no puede encontrar la ruta especificada. (0x3)
[1022/172219.276:ERROR:directory_reader_win.cc(43)] FindFirstFile: El sistema no puede encontrar la ruta especificada. (0x3)
[1023/172218.777:ERROR:directory_reader_win.cc(43)] FindFirstFile: El sistema no puede encontrar la ruta especificada. (0x3)
[1024/172219.984:ERROR:directory_reader_win.cc(43)] FindFirstFile: El sistema no puede encontrar la ruta especificada. (0x3)
[1025/172220.008:ERROR:directory_reader_win.cc(43)] FindFirstFile: El sistema no puede encontrar la ruta especificada. (0x3)
[1026/172220.015:ERROR:directory_reader_win.cc(43)] FindFirstFile: El sistema no puede encontrar la ruta especificada. (0x3)
[0104/194044.347:ERROR:file_io.cc(135)] WriteFile: Espacio en disco insuficiente. (0x70)
[0104/194044.347:ERROR:crash_report_exception_handler.cc(113)] WriteEverything failed
[0104/194044.347:ERROR:filesystem_win.cc(148)] DeleteFile C:\Users\Juanpi\AppData\Local\Google\Chrome\User Data\Crashpad\reports\098abb40-baee-4823-a39a-47eba3369b54.dmp: El proceso no tiene acceso al archivo porque está siendo utilizado por otro proceso. (0x20)
[0105/163925.215:ERROR:directory_reader_win.cc(43)] FindFirstFile: El sistema no puede encontrar la ruta especificada. (0x3)
[0106/163925.217:ERROR:directory_reader_win.cc(43)] FindFirstFile: El sistema no puede encontrar la ruta especificada. (0x3)
[0108/051440.135:ERROR:filesystem_win.cc(129)] GetFileAttributes C:\Users\Juanpi\AppData\Local\Google\Chrome\User Data\Crashpad\attachments\098abb40-baee-4823-a39a-47eba3369b54: El sistema no puede encontrar la ruta especificada. (0x3)
[0108/051440.136:ERROR:directory_reader_win.cc(43)] FindFirstFile: El sistema no puede encontrar la ruta especificada. (0x3)
[0109/013949.698:ERROR:directory_reader_win.cc(43)] FindFirstFile: El sistema no puede encontrar la ruta especificada. (0x3)
[0109/175352.489:ERROR:directory_reader_win.cc(43)] FindFirstFile: El sistema no puede encontrar la ruta especificada. (0x3)
[0110/175352.490:ERROR:directory_reader_win.cc(43)] FindFirstFile: El sistema no puede encontrar la ruta especificada. (0x3)
[0111/201813.172:ERROR:directory_reader_win.cc(43)] FindFirstFile: El sistema no puede encontrar la ruta especificada. (0x3)
[0112/191144.707:ERROR:directory_reader_win.cc(43)] FindFirstFile: El sistema no puede encontrar la ruta especificada. (0x3)
